2022-10-25 23:20:59.624  INFO 9808 --- [restartedMain] com.example.demo.LoggerApplication       : Starting LoggerApplication using Java 17.0.4.1 on MC9011082214 with PID 9808 (C:\Users\pjeeri\Documents\workspace-spring-tool-suite-4-4.16.0.RELEASE\Logger\target\classes started by pjeeri in C:\Users\pjeeri\Documents\workspace-spring-tool-suite-4-4.16.0.RELEASE\Logger)
2022-10-25 23:20:59.625  INFO 9808 --- [restartedMain] com.example.demo.LoggerApplication       : No active profile set, falling back to 1 default profile: "default"
2022-10-25 23:20:59.701  INFO 9808 --- [restartedMain] .e.DevToolsPropertyDefaultsPostProcessor : Devtools property defaults active! Set 'spring.devtools.add-properties' to 'false' to disable
2022-10-25 23:20:59.702  INFO 9808 --- [restartedMain] .e.DevToolsPropertyDefaultsPostProcessor : For additional web related logging consider setting the 'logging.level.web' property to 'DEBUG'
2022-10-25 23:21:00.368  INFO 9808 --- [restartedMain] .s.d.r.c.RepositoryConfigurationDelegate : Bootstrapping Spring Data JPA repositories in DEFAULT mode.
2022-10-25 23:21:00.379  INFO 9808 --- [restartedMain] .s.d.r.c.RepositoryConfigurationDelegate : Finished Spring Data repository scanning in 4 ms. Found 0 JPA repository interfaces.
2022-10-25 23:21:00.862  INFO 9808 --- [restartedMain] o.s.b.w.embedded.tomcat.TomcatWebServer  : Tomcat initialized with port(s): 8080 (http)
2022-10-25 23:21:00.870  INFO 9808 --- [restartedMain] o.apache.catalina.core.StandardService   : Starting service [Tomcat]
2022-10-25 23:21:00.871  INFO 9808 --- [restartedMain] org.apache.catalina.core.StandardEngine  : Starting Servlet engine: [Apache Tomcat/9.0.65]
2022-10-25 23:21:00.947  INFO 9808 --- [restartedMain] o.a.c.c.C.[Tomcat].[localhost].[/]       : Initializing Spring embedded WebApplicationContext
2022-10-25 23:21:00.947  INFO 9808 --- [restartedMain] w.s.c.ServletWebServerApplicationContext : Root WebApplicationContext: initialization completed in 1245 ms
2022-10-25 23:21:01.136  INFO 9808 --- [restartedMain] o.hibernate.jpa.internal.util.LogHelper  : HHH000204: Processing PersistenceUnitInfo [name: default]
2022-10-25 23:21:01.203  INFO 9808 --- [restartedMain] org.hibernate.Version                    : HHH000412: Hibernate ORM core version 5.6.11.Final
2022-10-25 23:21:01.417  INFO 9808 --- [restartedMain] o.hibernate.annotations.common.Version   : HCANN000001: Hibernate Commons Annotations {5.1.2.Final}
2022-10-25 23:21:01.671  INFO 9808 --- [restartedMain] com.zaxxer.hikari.HikariDataSource       : HikariPool-1 - Starting...
2022-10-25 23:21:02.302  INFO 9808 --- [restartedMain] com.zaxxer.hikari.HikariDataSource       : HikariPool-1 - Start completed.
2022-10-25 23:21:02.370  INFO 9808 --- [restartedMain] org.hibernate.dialect.Dialect            : HHH000400: Using dialect: org.hibernate.dialect.MySQL8Dialect
2022-10-25 23:21:02.732  INFO 9808 --- [restartedMain] o.h.e.t.j.p.i.JtaPlatformInitiator       : HHH000490: Using JtaPlatform implementation: [org.hibernate.engine.transaction.jta.platform.internal.NoJtaPlatform]
2022-10-25 23:21:02.739  INFO 9808 --- [restartedMain] j.LocalContainerEntityManagerFactoryBean : Initialized JPA EntityManagerFactory for persistence unit 'default'
2022-10-25 23:21:02.786  WARN 9808 --- [restartedMain] JpaBaseConfiguration$JpaWebConfiguration : spring.jpa.open-in-view is enabled by default. Therefore, database queries may be performed during view rendering. Explicitly configure spring.jpa.open-in-view to disable this warning
2022-10-25 23:21:03.072  INFO 9808 --- [restartedMain] o.s.b.d.a.OptionalLiveReloadServer       : LiveReload server is running on port 35729
2022-10-25 23:21:03.141  INFO 9808 --- [restartedMain] o.s.b.w.embedded.tomcat.TomcatWebServer  : Tomcat started on port(s): 8080 (http) with context path ''
2022-10-25 23:21:03.148  INFO 9808 --- [restartedMain] com.example.demo.LoggerApplication       : Started LoggerApplication in 3.905 seconds (JVM running for 4.846)
2022-10-25 23:26:29.052  INFO 9808 --- [File Watcher] rtingClassPathChangeChangedEventListener : Restarting due to 1 class path change (0 additions, 0 deletions, 1 modification)
2022-10-25 23:26:29.061  INFO 9808 --- [Thread-5] o.apache.catalina.core.StandardService   : Stopping service [Tomcat]
2022-10-25 23:26:29.079  INFO 9808 --- [Thread-5] j.LocalContainerEntityManagerFactoryBean : Closing JPA EntityManagerFactory for persistence unit 'default'
2022-10-25 23:26:29.081  INFO 9808 --- [Thread-5] com.zaxxer.hikari.HikariDataSource       : HikariPool-1 - Shutdown initiated...
2022-10-25 23:26:29.085  INFO 9808 --- [Thread-5] com.zaxxer.hikari.HikariDataSource       : HikariPool-1 - Shutdown completed.
2022-10-25 23:31:23.246  INFO 8508 --- [restartedMain] com.example.demo.LoggerApplication       : Starting LoggerApplication using Java 17.0.4.1 on MC9011082214 with PID 8508 (C:\Users\pjeeri\Documents\workspace-spring-tool-suite-4-4.16.0.RELEASE\Logger\target\classes started by pjeeri in C:\Users\pjeeri\Documents\workspace-spring-tool-suite-4-4.16.0.RELEASE\Logger)
2022-10-25 23:31:23.246  INFO 8508 --- [restartedMain] com.example.demo.LoggerApplication       : No active profile set, falling back to 1 default profile: "default"
2022-10-25 23:31:23.355  INFO 8508 --- [restartedMain] .s.d.r.c.RepositoryConfigurationDelegate : Bootstrapping Spring Data JPA repositories in DEFAULT mode.
2022-10-25 23:31:23.356  INFO 8508 --- [restartedMain] .s.d.r.c.RepositoryConfigurationDelegate : Finished Spring Data repository scanning in 1 ms. Found 0 JPA repository interfaces.
2022-10-25 23:31:23.407  INFO 8508 --- [restartedMain] o.s.b.w.embedded.tomcat.TomcatWebServer  : Tomcat initialized with port(s): 8080 (http)
2022-10-25 23:31:23.408  INFO 8508 --- [restartedMain] o.apache.catalina.core.StandardService   : Starting service [Tomcat]
2022-10-25 23:31:23.408  INFO 8508 --- [restartedMain] org.apache.catalina.core.StandardEngine  : Starting Servlet engine: [Apache Tomcat/9.0.65]
2022-10-25 23:31:23.421  INFO 8508 --- [restartedMain] o.a.c.c.C.[Tomcat].[localhost].[/]       : Initializing Spring embedded WebApplicationContext
2022-10-25 23:31:23.421  INFO 8508 --- [restartedMain] w.s.c.ServletWebServerApplicationContext : Root WebApplicationContext: initialization completed in 173 ms
2022-10-25 23:31:23.441  INFO 8508 --- [restartedMain] o.hibernate.jpa.internal.util.LogHelper  : HHH000204: Processing PersistenceUnitInfo [name: default]
2022-10-25 23:31:23.445  INFO 8508 --- [restartedMain] com.zaxxer.hikari.HikariDataSource       : HikariPool-2 - Starting...
2022-10-25 23:31:23.488  INFO 8508 --- [restartedMain] com.zaxxer.hikari.HikariDataSource       : HikariPool-2 - Start completed.
2022-10-25 23:31:23.488  INFO 8508 --- [restartedMain] org.hibernate.dialect.Dialect            : HHH000400: Using dialect: org.hibernate.dialect.MySQL8Dialect
2022-10-25 23:31:23.500  INFO 8508 --- [restartedMain] o.h.e.t.j.p.i.JtaPlatformInitiator       : HHH000490: Using JtaPlatform implementation: [org.hibernate.engine.transaction.jta.platform.internal.NoJtaPlatform]
2022-10-25 23:31:23.500  INFO 8508 --- [restartedMain] j.LocalContainerEntityManagerFactoryBean : Initialized JPA EntityManagerFactory for persistence unit 'default'
2022-10-25 23:31:23.512  WARN 8508 --- [restartedMain] JpaBaseConfiguration$JpaWebConfiguration : spring.jpa.open-in-view is enabled by default. Therefore, database queries may be performed during view rendering. Explicitly configure spring.jpa.open-in-view to disable this warning
2022-10-25 23:31:23.566  INFO 8508 --- [restartedMain] o.s.b.d.a.OptionalLiveReloadServer       : LiveReload server is running on port 35729
2022-10-25 23:31:23.687  INFO 8508 --- [restartedMain] o.s.b.w.embedded.tomcat.TomcatWebServer  : Tomcat started on port(s): 8080 (http) with context path ''
2022-10-25 23:31:23.689  INFO 8508 --- [restartedMain] com.example.demo.LoggerApplication       : Started LoggerApplication in 0.466 seconds (JVM running for 114.567)
2022-10-25 23:31:23.691  INFO 8508 --- [restartedMain] .ConditionEvaluationDeltaLoggingListener : Condition evaluation unchanged
2022-10-25 23:32:25.023  INFO 8508 --- [File Watcher] rtingClassPathChangeChangedEventListener : Restarting due to 1 class path change (0 additions, 0 deletions, 1 modification)
2022-10-25 23:32:25.053  INFO 8508 --- [Thread-7] o.apache.catalina.core.StandardService   : Stopping service [Tomcat]
2022-10-25 23:32:25.055  INFO 8508 --- [Thread-7] j.LocalContainerEntityManagerFactoryBean : Closing JPA EntityManagerFactory for persistence unit 'default'
2022-10-25 23:32:25.056  INFO 8508 --- [Thread-7] com.zaxxer.hikari.HikariDataSource       : HikariPool-2 - Shutdown initiated...
2022-10-25 23:32:25.058  INFO 8508 --- [Thread-7] com.zaxxer.hikari.HikariDataSource       : HikariPool-2 - Shutdown completed.
